<?xml version="1.0" encoding="UTF-8"?>
<!-- Generated by org.testng.reporters.JUnitXMLReporter -->
<testsuite hostname="BLRW3022661" ignored="0" name="Login Test" tests="6" failures="1" timestamp="20 Mar 2018 15:40:43 GMT" time="29.565" errors="0">
  <testcase name="doLogin" time="29.433" classname="com.appscriptmobile.iqvia.testcases.LoginTest">
    <failure type="org.openqa.selenium.WebDriverException" message="An unknown server-side error occurred while processing the command. Original error: Error getting device platform version. Original error: Error executing adbExec. Original error: &amp;apos;Command &amp;apos;C\:\\Users\\hhb\\Documents\\MobileAutomation\\Softwares\\androidsdk\\android-sdk-windows\\platform-tools\\adb.exe -P 5037 -s 79a7c4107d43 shell getprop ro.build.version.release&amp;apos; exited with code 3221226356&amp;apos;; Stderr: &amp;apos;&amp;apos;; Code: &amp;apos;3221226356&amp;apos; (WARNING: The server did not provide any stacktrace information)
Command duration or timeout: 28.74 seconds
Build info: version: &amp;apos;2.52.0&amp;apos;, revision: &amp;apos;4c2593c&amp;apos;, time: &amp;apos;2016-02-11 19:06:42&amp;apos;
System info: host: &amp;apos;BLRW3022661&amp;apos;, ip: &amp;apos;10.205.55.50&amp;apos;, os.name: &amp;apos;Windows 7&amp;apos;, os.arch: &amp;apos;amd64&amp;apos;, os.version: &amp;apos;6.1&amp;apos;, java.version: &amp;apos;1.8.0_144&amp;apos;
Driver info: io.appium.java_client.android.AndroidDriver">
      <![CDATA[org.openqa.selenium.WebDriverException: An unknown server-side error occurred while processing the command. Original error: Error getting device platform version. Original error: Error executing adbExec. Original error: 'Command 'C\:\\Users\\hhb\\Documents\\MobileAutomation\\Softwares\\androidsdk\\android-sdk-windows\\platform-tools\\adb.exe -P 5037 -s 79a7c4107d43 shell getprop ro.build.version.release' exited with code 3221226356'; Stderr: ''; Code: '3221226356' (WARNING: The server did not provide any stacktrace information)Command duration or timeout: 28.74 secondsBuild info: version: '2.52.0', revision: '4c2593c', time: '2016-02-11 19:06:42'System info: host: 'BLRW3022661', ip: '10.205.55.50', os.name: 'Windows 7', os.arch: 'amd64', os.version: '6.1', java.version: '1.8.0_144'Driver info: io.appium.java_client.android.AndroidDriverat org.openqa.selenium.remote.ErrorHandler.createThrowable(ErrorHandler.java:206)at org.openqa.selenium.remote.ErrorHandler.throwIfResponseFailed(ErrorHandler.java:158)at org.openqa.selenium.remote.RemoteWebDriver.execute(RemoteWebDriver.java:678)at io.appium.java_client.DefaultGenericMobileDriver.execute(DefaultGenericMobileDriver.java:40)at io.appium.java_client.AppiumDriver.execute(AppiumDriver.java:1)at io.appium.java_client.android.AndroidDriver.execute(AndroidDriver.java:1)at org.openqa.selenium.remote.RemoteWebDriver.startSession(RemoteWebDriver.java:249)at org.openqa.selenium.remote.RemoteWebDriver.<init>(RemoteWebDriver.java:131)at org.openqa.selenium.remote.RemoteWebDriver.<init>(RemoteWebDriver.java:144)at io.appium.java_client.DefaultGenericMobileDriver.<init>(DefaultGenericMobileDriver.java:36)at io.appium.java_client.AppiumDriver.<init>(AppiumDriver.java:114)at io.appium.java_client.AppiumDriver.<init>(AppiumDriver.java:132)at io.appium.java_client.android.AndroidDriver.<init>(AndroidDriver.java:92)at com.appscriptmobile.iqvia.baseclass.BaseUtil.launchApp(BaseUtil.java:58)at com.appscriptmobile.iqvia.testcases.LoginTest.doLogin(LoginTest.java:38)... Removed 29 stack frames]]>
    </failure>
  </testcase> <!-- doLogin -->
  <testcase name="doLogin" time="0.001" classname="com.appscriptmobile.iqvia.testcases.LoginTest">
    <skipped/>
  </testcase> <!-- doLogin -->
  <testcase name="doLogin" time="0.001" classname="com.appscriptmobile.iqvia.testcases.LoginTest">
    <skipped/>
  </testcase> <!-- doLogin -->
  <testcase name="doLogin" time="0.001" classname="com.appscriptmobile.iqvia.testcases.LoginTest">
    <skipped/>
  </testcase> <!-- doLogin -->
  <testcase name="doLogin" time="0.001" classname="com.appscriptmobile.iqvia.testcases.LoginTest">
    <skipped/>
  </testcase> <!-- doLogin -->
  <testcase name="doLogin" time="0.002" classname="com.appscriptmobile.iqvia.testcases.LoginTest">
    <skipped/>
  </testcase> <!-- doLogin -->
</testsuite> <!-- Login Test -->
